# JRE version: OpenJDK Runtime Environment (17.0.6) (build 17.0.6+0-b2043.56-9586694)
# Java VM: OpenJDK 64-Bit Server VM (17.0.6+0-b2043.56-9586694, mixed mode, tiered, compressed oops, compressed class ptrs, g1 gc, windows-amd64)
GC Precious Log:
 CPUs: 4 total, 4 available
 Memory: 8087M
 Large Page Support: Disabled
 NUMA Support: Disabled
 Compressed Oops: Enabled (32-bit)
 Heap Region Size: 1M
 Heap Min Capacity: 8M
 Heap Initial Capacity: 128M
 Heap Max Capacity: 1536M
 Pre-touch: Disabled
 Parallel Workers: 4
 Concurrent Workers: 1
 Concurrent Refinement Workers: 4
 Periodic GC: Disabled
Heap:
 garbage-first heap   total 131072K, used 38802K [0x00000000a0000000, 0x0000000100000000)
  region size 1024K, 1 young (1024K), 1 survivors (1024K)
 Metaspace       used 57889K, committed 58368K, reserved 1105920K
  class space    used 7455K, committed 7680K, reserved 1048576K
GC Heap History (20 events):
Event: 1476.675 GC heap after
{Heap after GC invocations=19 (full 0):
 garbage-first heap   total 68608K, used 35693K [0x00000000a0000000, 0x0000000100000000)
  region size 1024K, 2 young (2048K), 2 survivors (2048K)
 Metaspace       used 57496K, committed 57920K, reserved 1105920K
  class space    used 7477K, committed 7680K, reserved 1048576K
}
Event: 1585.707 GC heap before
{Heap before GC invocations=19 (full 0):
 garbage-first heap   total 68608K, used 52077K [0x00000000a0000000, 0x0000000100000000)
  region size 1024K, 19 young (19456K), 2 survivors (2048K)
 Metaspace       used 57712K, committed 58112K, reserved 1105920K
  class space    used 7486K, committed 7680K, reserved 1048576K
}
Event: 1585.709 GC heap after
{Heap after GC invocations=20 (full 0):
 garbage-first heap   total 68608K, used 35879K [0x00000000a0000000, 0x0000000100000000)
  region size 1024K, 2 young (2048K), 2 survivors (2048K)
 Metaspace       used 57712K, committed 58112K, reserved 1105920K
  class space    used 7486K, committed 7680K, reserved 1048576K
}
Event: 1586.378 GC heap before
{Heap before GC invocations=21 (full 0):
 garbage-first heap   total 78848K, used 57383K [0x00000000a0000000, 0x0000000100000000)
  region size 1024K, 21 young (21504K), 2 survivors (2048K)
 Metaspace       used 57760K, committed 58304K, reserved 1105920K
  class space    used 7451K, committed 7680K, reserved 1048576K
}
Event: 1586.382 GC heap after
{Heap after GC invocations=22 (full 0):
 garbage-first heap   total 78848K, used 38963K [0x00000000a0000000, 0x0000000100000000)
  region size 1024K, 3 young (3072K), 3 survivors (3072K)
 Metaspace       used 57760K, committed 58304K, reserved 1105920K
  class space    used 7451K, committed 7680K, reserved 1048576K
}
Event: 1586.389 GC heap before
{Heap before GC invocations=22 (full 0):
 garbage-first heap   total 78848K, used 39987K [0x00000000a0000000, 0x0000000100000000)
  region size 1024K, 4 young (4096K), 3 survivors (3072K)
 Metaspace       used 57772K, committed 58304K, reserved 1105920K
  class space    used 7452K, committed 7680K, reserved 1048576K
}
Event: 1586.392 GC heap after
{Heap after GC invocations=23 (full 0):
 garbage-first heap   total 78848K, used 38822K [0x00000000a0000000, 0x0000000100000000)
  region size 1024K, 1 young (1024K), 1 survivors (1024K)
 Metaspace       used 57772K, committed 58304K, reserved 1105920K
  class space    used 7452K, committed 7680K, reserved 1048576K
}
Event: 1586.763 GC heap before
{Heap before GC invocations=23 (full 0):
 garbage-first heap   total 78848K, used 63398K [0x00000000a0000000, 0x0000000100000000)
  region size 1024K, 25 young (25600K), 1 survivors (1024K)
 Metaspace       used 57854K, committed 58304K, reserved 1105920K
  class space    used 7453K, committed 7680K, reserved 1048576K
}
Event: 1586.765 GC heap after
{Heap after GC invocations=24 (full 0):
 garbage-first heap   total 78848K, used 39096K [0x00000000a0000000, 0x0000000100000000)
  region size 1024K, 1 young (1024K), 1 survivors (1024K)
 Metaspace       used 57854K, committed 58304K, reserved 1105920K
  class space    used 7453K, committed 7680K, reserved 1048576K
}
Event: 1587.269 GC heap before
{Heap before GC invocations=25 (full 0):
 garbage-first heap   total 78848K, used 64696K [0x00000000a0000000, 0x0000000100000000)
  region size 1024K, 26 young (26624K), 1 survivors (1024K)
 Metaspace       used 57860K, committed 58304K, reserved 1105920K
  class space    used 7453K, committed 7680K, reserved 1048576K
}
Event: 1587.270 GC heap after
{Heap after GC invocations=26 (full 0):
 garbage-first heap   total 78848K, used 39057K [0x00000000a0000000, 0x0000000100000000)
  region size 1024K, 1 young (1024K), 1 survivors (1024K)
 Metaspace       used 57860K, committed 58304K, reserved 1105920K
  class space    used 7453K, committed 7680K, reserved 1048576K
}
Event: 1587.281 GC heap before
{Heap before GC invocations=26 (full 0):
 garbage-first heap   total 78848K, used 41105K [0x00000000a0000000, 0x0000000100000000)
  region size 1024K, 3 young (3072K), 1 survivors (1024K)
 Metaspace       used 57861K, committed 58304K, reserved 1105920K
  class space    used 7453K, committed 7680K, reserved 1048576K
}
Event: 1587.283 GC heap after
{Heap after GC invocations=27 (full 0):
 garbage-first heap   total 78848K, used 38556K [0x00000000a0000000, 0x0000000100000000)
  region size 1024K, 1 young (1024K), 1 survivors (1024K)
 Metaspace       used 57861K, committed 58304K, reserved 1105920K
  class space    used 7453K, committed 7680K, reserved 1048576K
}
Event: 1587.341 GC heap before
{Heap before GC invocations=27 (full 0):
 garbage-first heap   total 78848K, used 44700K [0x00000000a0000000, 0x0000000100000000)
  region size 1024K, 9 young (9216K), 1 survivors (1024K)
 Metaspace       used 57870K, committed 58304K, reserved 1105920K
  class space    used 7453K, committed 7680K, reserved 1048576K
}
Event: 1587.342 GC heap after
{Heap after GC invocations=28 (full 0):
 garbage-first heap   total 78848K, used 38692K [0x00000000a0000000, 0x0000000100000000)
  region size 1024K, 1 young (1024K), 1 survivors (1024K)
 Metaspace       used 57870K, committed 58304K, reserved 1105920K
  class space    used 7453K, committed 7680K, reserved 1048576K
}
Event: 1587.710 GC heap before
{Heap before GC invocations=29 (full 0):
 garbage-first heap   total 78848K, used 64292K [0x00000000a0000000, 0x0000000100000000)
  region size 1024K, 25 young (25600K), 1 survivors (1024K)
 Metaspace       used 57884K, committed 58304K, reserved 1105920K
  class space    used 7455K, committed 7680K, reserved 1048576K
}
Event: 1587.719 GC heap after
{Heap after GC invocations=30 (full 0):
 garbage-first heap   total 78848K, used 38773K [0x00000000a0000000, 0x0000000100000000)
  region size 1024K, 1 young (1024K), 1 survivors (1024K)
 Metaspace       used 57884K, committed 58304K, reserved 1105920K
  class space    used 7455K, committed 7680K, reserved 1048576K
}
Event: 1587.766 GC heap before
{Heap before GC invocations=30 (full 0):
 garbage-first heap   total 78848K, used 40821K [0x00000000a0000000, 0x0000000100000000)
  region size 1024K, 3 young (3072K), 1 survivors (1024K)
 Metaspace       used 57884K, committed 58304K, reserved 1105920K
  class space    used 7455K, committed 7680K, reserved 1048576K
}
Event: 1587.771 GC heap after
{Heap after GC invocations=31 (full 0):
 garbage-first heap   total 78848K, used 38559K [0x00000000a0000000, 0x0000000100000000)
  region size 1024K, 1 young (1024K), 1 survivors (1024K)
 Metaspace       used 57884K, committed 58304K, reserved 1105920K
  class space    used 7455K, committed 7680K, reserved 1048576K
}
Event: 1587.975 GC heap before
{Heap before GC invocations=31 (full 0):
 garbage-first heap   total 78848K, used 64159K [0x00000000a0000000, 0x0000000100000000)
  region size 1024K, 26 young (26624K), 1 survivors (1024K)
 Metaspace       used 57889K, committed 58368K, reserved 1105920K
  class space    used 7455K, committed 7680K, reserved 1048576K
}

